[    0.000000] Linux version 4.10.0-38-generic (buildd@lgw01-amd64-032) (gcc version 6.3.0 20170406 (Ubuntu 6.3.0-12ubuntu2) ) #42-Ubuntu SMP Tue Oct 10 13:24:27 UTC 2017 (Ubuntu 4.10.0-38.42-generic 4.10.17)
[    0.000000] Command line: BOOT_IMAGE=/boot/vmlinuz-4.10.0-38-generic root=LABEL=cloudimg-rootfs ro console=tty1 console=ttyS0
[    0.000000] KERNEL supported cpus:
[    0.000000]   Intel GenuineIntel
[    0.000000]   AMD AuthenticAMD
[    0.000000]   Centaur CentaurHauls
[    0.000000] x86/fpu: Supporting XSAVE feature 0x001: 'x87 floating point registers'
[    0.000000] x86/fpu: Supporting XSAVE feature 0x002: 'SSE registers'
[    0.000000] x86/fpu: Supporting XSAVE feature 0x004: 'AVX registers'
[    0.000000] x86/fpu: xstate_offset[2]:  576, xstate_sizes[2]:  256
[    0.000000] x86/fpu: Enabled xstate features 0x7, context size is 832 bytes, using 'standard' format.
[    0.000000] e820: BIOS-provided physical RAM map:
[    0.000000] BIOS-e820: [mem 0x0000000000000000-0x000000000009fbff] usable
[    0.000000] BIOS-e820: [mem 0x000000000009fc00-0x000000000009ffff] reserved
[    0.000000] BIOS-e820: [mem 0x00000000000f0000-0x00000000000fffff] reserved
[    0.000000] BIOS-e820: [mem 0x0000000000100000-0x000000001ffeffff] usable
[    0.000000] BIOS-e820: [mem 0x000000001fff0000-0x000000001fffffff] ACPI data
[    0.000000] BIOS-e820: [mem 0x00000000fec00000-0x00000000fec00fff] reserved
[    0.000000] BIOS-e820: [mem 0x00000000fee00000-0x00000000fee00fff] reserved
[    0.000000] BIOS-e820: [mem 0x00000000fffc0000-0x00000000ffffffff] reserved
[    0.000000] NX (Execute Disable) protection: active
[    0.000000] SMBIOS 2.5 present.
[    0.000000] DMI: innotek GmbH VirtualBox/VirtualBox, BIOS VirtualBox 12/01/2006
[    0.000000] Hypervisor detected: KVM
[    0.000000] e820: last_pfn = 0x1fff0 max_arch_pfn = 0x400000000
[    0.000000] MTRR: Disabled
[    0.000000] x86/PAT: MTRRs disabled, skipping PAT initialization too.
[    0.000000] x86/PAT: Configuration [0-7]: WB  WT  UC- UC  WB  WT  UC- UC  
[    0.000000] CPU MTRRs all blank - virtualized system.
[    0.000000] found SMP MP-table at [mem 0x0009fff0-0x0009ffff] mapped at [ffff9b5b8009fff0]
[    0.000000] Scanning 1 areas for low memory corruption
[    0.000000] RAMDISK: [mem 0x1eb9e000-0x1f6e0fff]
[    0.000000] ACPI: Early table checksum verification disabled
[    0.000000] ACPI: RSDP 0x00000000000E0000 000024 (v02 VBOX  )
[    0.000000] ACPI: XSDT 0x000000001FFF0030 00003C (v01 VBOX   VBOXXSDT 00000001 ASL  00000061)
[    0.000000] ACPI: FACP 0x000000001FFF00F0 0000F4 (v04 VBOX   VBOXFACP 00000001 ASL  00000061)
[    0.000000] ACPI: DSDT 0x000000001FFF0470 0021C8 (v02 VBOX   VBOXBIOS 00000002 INTL 20100528)
[    0.000000] ACPI: FACS 0x000000001FFF0200 000040
[    0.000000] ACPI: FACS 0x000000001FFF0200 000040
[    0.000000] ACPI: APIC 0x000000001FFF0240 00005C (v02 VBOX   VBOXAPIC 00000001 ASL  00000061)
[    0.000000] ACPI: SSDT 0x000000001FFF02A0 0001CC (v01 VBOX   VBOXCPUT 00000002 INTL 20100528)
[    0.000000] No NUMA configuration found
[    0.000000] Faking a node at [mem 0x0000000000000000-0x000000001ffeffff]
[    0.000000] NODE_DATA(0) allocated [mem 0x1ffc5000-0x1ffeffff]
[    0.000000] kvm-clock: Using msrs 4b564d01 and 4b564d00
[    0.000000] kvm-clock: cpu 0, msr 0:1ff45001, primary cpu clock
[    0.000000] kvm-clock: using sched offset of 4645647853 cycles
[    0.000000] clocksource: kvm-clock: mask: 0xffffffffffffffff max_cycles: 0x1cd42e4dffb, max_idle_ns: 881590591483 ns
[    0.000000] Zone ranges:
[    0.000000]   DMA      [mem 0x0000000000001000-0x0000000000ffffff]
[    0.000000]   DMA32    [mem 0x0000000001000000-0x000000001ffeffff]
[    0.000000]   Normal   empty
[    0.000000]   Device   empty
[    0.000000] Movable zone start for each node
[    0.000000] Early memory node ranges
[    0.000000]   node   0: [mem 0x0000000000001000-0x000000000009efff]
[    0.000000]   node   0: [mem 0x0000000000100000-0x000000001ffeffff]
[    0.000000] Initmem setup node 0 [mem 0x0000000000001000-0x000000001ffeffff]
[    0.000000] ACPI: PM-Timer IO Port: 0x4008
[    0.000000] IOAPIC[0]: apic_id 2, version 32, address 0xfec00000, GSI 0-23
[    0.000000] ACPI: INT_SRC_OVR (bus 0 bus_irq 0 global_irq 2 dfl dfl)
[    0.000000] ACPI: INT_SRC_OVR (bus 0 bus_irq 9 global_irq 9 high level)
[    0.000000] Using ACPI (MADT) for SMP configuration information
[    0.000000] smpboot: Allowing 2 CPUs, 0 hotplug CPUs
[    0.000000] PM: Registered nosave memory: [mem 0x00000000-0x00000fff]
[    0.000000] PM: Registered nosave memory: [mem 0x0009f000-0x0009ffff]
[    0.000000] PM: Registered nosave memory: [mem 0x000a0000-0x000effff]
[    0.000000] PM: Registered nosave memory: [mem 0x000f0000-0x000fffff]
[    0.000000] e820: [mem 0x20000000-0xfebfffff] available for PCI devices
[    0.000000] Booting paravirtualized kernel on KVM
[    0.000000] clocksource: refined-jiffies: mask: 0xffffffff max_cycles: 0xffffffff, max_idle_ns: 7645519600211568 ns
[    0.000000] setup_percpu: NR_CPUS:8192 nr_cpumask_bits:2 nr_cpu_ids:2 nr_node_ids:1
[    0.000000] percpu: Embedded 36 pages/cpu @ffff9b5b9fc00000 s107992 r8192 d31272 u1048576
[    0.000000] PV qspinlock hash table entries: 256 (order: 0, 4096 bytes)
[    0.000000] Built 1 zonelists in Node order, mobility grouping on.  Total pages: 128889
[    0.000000] Policy zone: DMA32
[    0.000000] Kernel command line: BOOT_IMAGE=/boot/vmlinuz-4.10.0-38-generic root=LABEL=cloudimg-rootfs ro console=tty1 console=ttyS0
[    0.000000] PID hash table entries: 2048 (order: 2, 16384 bytes)
[    0.000000] Memory: 482304K/523832K available (9093K kernel code, 1667K rwdata, 3820K rodata, 2236K init, 2364K bss, 41528K reserved, 0K cma-reserved)
[    0.000000] SLUB: HWalign=64, Order=0-3, MinObjects=0, CPUs=2, Nodes=1
[    0.000000] Hierarchical RCU implementation.
[    0.000000] 	Build-time adjustment of leaf fanout to 64.
[    0.000000] 	RCU restricting CPUs from NR_CPUS=8192 to nr_cpu_ids=2.
[    0.000000] RCU: Adjusting geometry for rcu_fanout_leaf=64, nr_cpu_ids=2
[    0.000000] NR_IRQS:524544 nr_irqs:440 16
[    0.000000] Console: colour VGA+ 80x25
[    0.000000] console [tty1] enabled
[    0.000000] console [ttyS0] enabled
[    0.000000] tsc: Detected 2712.000 MHz processor
[    8.718787] Calibrating delay loop (skipped) preset value.. 5424.00 BogoMIPS (lpj=10848000)
[    8.794191] pid_max: default: 32768 minimum: 301
[    8.842992] ACPI: Core revision 20160930
[    8.871850] ACPI: 2 ACPI AML tables successfully acquired and loaded
[    8.900177] Security Framework initialized
[    8.914990] Yama: becoming mindful.
[    8.918698] AppArmor: AppArmor initialized
[    8.948364] Dentry cache hash table entries: 65536 (order: 7, 524288 bytes)
[    9.011229] Inode-cache hash table entries: 32768 (order: 6, 262144 bytes)
[    9.050715] Mount-cache hash table entries: 1024 (order: 1, 8192 bytes)
[    9.086240] Mountpoint-cache hash table entries: 1024 (order: 1, 8192 bytes)
[    9.122915] CPU: Physical Processor ID: 0
[    9.146382] CPU: Processor Core ID: 0
[    9.172597] mce: CPU supports 0 MCE banks
[    9.190249] Last level iTLB entries: 4KB 64, 2MB 8, 4MB 8
[    9.250579] Last level dTLB entries: 4KB 64, 2MB 0, 4MB 0, 1GB 4
[    9.257485] Freeing SMP alternatives memory: 36K
[    9.275930] ftrace: allocating 34202 entries in 134 pages
[    9.307729] smpboot: Max logical packages: 1
[    9.379362] x2apic enabled
[    9.433736] Switched APIC routing to physical x2apic.
[    9.503617] ..TIMER: vector=0x30 apic1=0 pin1=2 apic2=-1 pin2=-1
[    9.714059] smpboot: CPU0: Intel(R) Core(TM) i7-6820HQ CPU @ 2.70GHz (family: 0x6, model: 0x5e, stepping: 0x3)
[    9.895104] Performance Events: unsupported p6 CPU model 94 no PMU driver, software events only.
[   10.051604] KVM setup paravirtual spinlock
[   10.115360] smp: Bringing up secondary CPUs ...
[   10.187745] x86: Booting SMP configuration:
[   10.263307] .... node  #0, CPUs:      #1
[   10.263534] kvm-clock: cpu 1, msr 0:1ff45041, secondary cpu clock
[   10.328806] mce: CPU supports 0 MCE banks
[   10.367943] smp: Brought up 1 node, 2 CPUs
[   10.421648] smpboot: Total of 2 processors activated (10848.00 BogoMIPS)
[   10.518780] devtmpfs: initialized
[   10.565698] x86/mm: Memory block size: 128MB
[   10.610423] evm: security.selinux
[   10.636933] evm: security.SMACK64
[   10.661178] evm: security.SMACK64EXEC
[   10.693242] evm: security.SMACK64TRANSMUTE
[   10.739001] evm: security.SMACK64MMAP
[   10.794584] evm: security.ima
[   10.836636] evm: security.capability
[   10.885113] clocksource: jiffies: mask: 0xffffffff max_cycles: 0xffffffff, max_idle_ns: 7645041785100000 ns
[   11.003771] futex hash table entries: 512 (order: 3, 32768 bytes)
[   11.106932] pinctrl core: initialized pinctrl subsystem
[   11.163722] RTC time: 10:32:36, date: 12/02/17
[   11.230396] NET: Registered protocol family 16
[   11.294482] cpuidle: using governor ladder
[   11.346244] cpuidle: using governor menu
[   11.398344] PCCT header not found.
[   11.427403] ACPI: bus type PCI registered
[   11.458595] acpiphp: ACPI Hot Plug PCI Controller Driver version: 0.5
[   11.493584] PCI: Using configuration type 1 for base access
[   11.542757] HugeTLB registered 2 MB page size, pre-allocated 0 pages
[   11.608351] ACPI: Added _OSI(Module Device)
[   11.635030] ACPI: Added _OSI(Processor Device)
[   11.664773] ACPI: Added _OSI(3.0 _SCP Extensions)
[   11.723009] ACPI: Added _OSI(Processor Aggregator Device)
[   11.783903] ACPI: Executed 1 blocks of module-level executable AML code
[   11.849607] ACPI: Interpreter enabled
[   11.871491] ACPI: (supports S0 S5)
[   11.885225] ACPI: Using IOAPIC for interrupt routing
[   11.925249] PCI: Using host bridge windows from ACPI; if necessary, use "pci=nocrs" and report a bug
[   12.027863] ACPI: PCI Root Bridge [PCI0] (domain 0000 [bus 00-ff])
[   12.074895] acpi PNP0A03:00: _OSC: OS supports [ASPM ClockPM Segments MSI]
[   12.146903] acpi PNP0A03:00: _OSC failed (AE_NOT_FOUND); disabling ASPM
[   12.225284] acpi PNP0A03:00: fail to add MMCONFIG information, can't access extended PCI configuration space under this bridge.
[   12.343301] PCI host bridge to bus 0000:00
[   12.370767] pci_bus 0000:00: root bus resource [io  0x0000-0x0cf7 window]
[   12.430849] pci_bus 0000:00: root bus resource [io  0x0d00-0xffff window]
[   12.480490] pci_bus 0000:00: root bus resource [mem 0x000a0000-0x000bffff window]
[   12.545126] pci_bus 0000:00: root bus resource [mem 0x20000000-0xffdfffff window]
[   12.618127] pci_bus 0000:00: root bus resource [bus 00-ff]
[   12.688179] pci 0000:00:01.1: legacy IDE quirk: reg 0x10: [io  0x01f0-0x01f7]
[   12.769129] pci 0000:00:01.1: legacy IDE quirk: reg 0x14: [io  0x03f6]
[   12.819322] pci 0000:00:01.1: legacy IDE quirk: reg 0x18: [io  0x0170-0x0177]
[   12.869179] pci 0000:00:01.1: legacy IDE quirk: reg 0x1c: [io  0x0376]
[   12.942261] pci 0000:00:07.0: quirk: [io  0x4000-0x403f] claimed by PIIX4 ACPI
[   12.977598] pci 0000:00:07.0: quirk: [io  0x4100-0x410f] claimed by PIIX4 SMB
[   13.025218] ACPI: PCI Interrupt Link [LNKA] (IRQs 5 9 10 *11)
[   13.059004] ACPI: PCI Interrupt Link [LNKB] (IRQs 5 9 10 *11)
[   13.142788] ACPI: PCI Interrupt Link [LNKC] (IRQs 5 9 *10 11)
[   13.213788] ACPI: PCI Interrupt Link [LNKD] (IRQs 5 *9 10 11)
[   13.297253] ACPI: Enabled 2 GPEs in block 00 to 07
[   13.352893] SCSI subsystem initialized
[   13.400781] pci 0000:00:02.0: vgaarb: setting as boot VGA device
[   13.496860] pci 0000:00:02.0: vgaarb: VGA device added: decodes=io+mem,owns=io+mem,locks=none
[   13.634366] pci 0000:00:02.0: vgaarb: bridge control possible
[   13.697980] vgaarb: loaded
[   13.736021] ACPI: bus type USB registered
[   13.813853] usbcore: registered new interface driver usbfs
[   13.843357] usbcore: registered new interface driver hub
[   13.878413] usbcore: registered new device driver usb
[   13.898566] PCI: Using ACPI for IRQ routing
[   13.925348] NetLabel: Initializing
[   13.945047] NetLabel:  domain hash size = 128
[   13.967281] NetLabel:  protocols = UNLABELED CIPSOv4 CALIPSO
[   13.982820] NetLabel:  unlabeled traffic allowed by default
[   14.025424] clocksource: Switched to clocksource kvm-clock
[   14.042835] VFS: Disk quotas dquot_6.6.0
[   14.095937] VFS: Dquot-cache hash table entries: 512 (order 0, 4096 bytes)
[   14.173752] AppArmor: AppArmor Filesystem Enabled
[   14.207012] pnp: PnP ACPI init
[   14.238190] pnp: PnP ACPI: found 3 devices
[   14.283852] clocksource: acpi_pm: mask: 0xffffff max_cycles: 0xffffff, max_idle_ns: 2085701024 ns
[   14.352799] NET: Registered protocol family 2
[   14.399316] TCP established hash table entries: 4096 (order: 3, 32768 bytes)
[   14.463641] TCP bind hash table entries: 4096 (order: 4, 65536 bytes)
[   14.526537] TCP: Hash tables configured (established 4096 bind 4096)
[   14.605409] UDP hash table entries: 256 (order: 1, 8192 bytes)
[   14.674503] UDP-Lite hash table entries: 256 (order: 1, 8192 bytes)
[   14.756175] NET: Registered protocol family 1
[   14.783064] pci 0000:00:00.0: Limiting direct PCI/PCI transfers
[   14.823980] pci 0000:00:01.0: Activating ISA DMA hang workarounds
[   14.860597] pci 0000:00:02.0: Video device with shadowed ROM at [mem 0x000c0000-0x000dffff]
[   14.917052] Unpacking initramfs...
[   17.016400] Freeing initrd memory: 11532K
[   17.059581] platform rtc_cmos: registered platform RTC device (no PNP device found)
[   17.124533] Scanning for low memory corruption every 60 seconds
[   17.202982] audit: initializing netlink subsys (disabled)
[   17.258845] audit: type=2000 audit(1512210755.852:1): initialized
[   17.259237] Initialise system trusted keyrings
[   17.259343] workingset: timestamp_bits=36 max_order=17 bucket_order=0
[   17.269278] zbud: loaded
[   17.274960] squashfs: version 4.0 (2009/01/31) Phillip Lougher
[   17.275343] fuse init (API version 7.26)
[   17.276931] Key type asymmetric registered
[   17.276932] Asymmetric key parser 'x509' registered
[   17.277002] Block layer SCSI generic (bsg) driver version 0.4 loaded (major 248)
[   17.277032] io scheduler noop registered
[   17.277033] io scheduler deadline registered
[   17.277057] io scheduler cfq registered (default)
[   17.731267] ACPI: AC Adapter [AC] (off-line)
[   17.744053] input: Power Button as /devices/LNXSYSTM:00/LNXPWRBN:00/input/input0
[   17.779996] ACPI: Power Button [PWRF]
[   17.798091] input: Sleep Button as /devices/LNXSYSTM:00/LNXSLPBN:00/input/input1
[   17.842518] ACPI: Sleep Button [SLPF]
[   17.877490] GHES: HEST is not enabled!
[   17.877556] ACPI: Battery Slot [BAT0] (battery present)
[   17.958386] Serial: 8250/16550 driver, 32 ports, IRQ sharing enabled
[   18.065677] tsc: Refined TSC clocksource calibration: 2712.000 MHz
[   18.160709] clocksource: tsc: mask: 0xffffffffffffffff max_cycles: 0x2717868ea45, max_idle_ns: 440795316085 ns
[   18.308320] 00:02: ttyS0 at I/O 0x3f8 (irq = 4, base_baud = 115200) is a 16550A
[   18.497973] Linux agpgart interface v0.103
[   18.551980] loop: module loaded
[   18.586792] scsi host0: ata_piix
[   18.607801] scsi host1: ata_piix
[   18.629236] ata1: PATA max UDMA/33 cmd 0x1f0 ctl 0x3f6 bmdma 0xd000 irq 14
[   18.646007] ata2: PATA max UDMA/33 cmd 0x170 ctl 0x376 bmdma 0xd008 irq 15
[   18.670527] libphy: Fixed MDIO Bus: probed
[   18.682503] tun: Universal TUN/TAP device driver, 1.6
[   18.708592] tun: (C) 1999-2004 Max Krasnyansky <maxk@qualcomm.com>
[   18.725892] PPP generic driver version 2.4.2
[   18.733588] ehci_hcd: USB 2.0 'Enhanced' Host Controller (EHCI) Driver
[   18.772300] ehci-pci: EHCI PCI platform driver
[   18.801065] ehci-platform: EHCI generic platform driver
[   18.831529] ohci_hcd: USB 1.1 'Open' Host Controller (OHCI) Driver
[   18.836571] ohci-pci: OHCI PCI platform driver
[   18.853972] ohci-platform: OHCI generic platform driver
[   18.888671] uhci_hcd: USB Universal Host Controller Interface driver
[   18.920118] i8042: PNP: PS/2 Controller [PNP0303:PS2K,PNP0f03:PS2M] at 0x60,0x64 irq 1,12
[   18.964309] serio: i8042 KBD port at 0x60,0x64 irq 1
[   18.989971] serio: i8042 AUX port at 0x60,0x64 irq 12
[   19.000051] mousedev: PS/2 mouse device common for all mice
[   19.041888] input: AT Translated Set 2 keyboard as /devices/platform/i8042/serio0/input/input2
[   19.104310] rtc_cmos rtc_cmos: rtc core: registered rtc_cmos as rtc0
[   19.129878] rtc_cmos rtc_cmos: alarms up to one day, 114 bytes nvram
[   19.188490] i2c /dev entries driver
[   19.210403] device-mapper: uevent: version 1.0.3
[   19.303673] device-mapper: ioctl: 4.35.0-ioctl (2016-06-23) initialised: dm-devel@redhat.com
[   19.376870] ledtrig-cpu: registered to indicate activity on CPUs
[   19.405323] NET: Registered protocol family 10
[   19.427270] Segment Routing with IPv6
[   19.468567] NET: Registered protocol family 17
[   19.532760] Key type dns_resolver registered
[   19.585866] registered taskstats version 1
[   19.646171] Loading compiled-in X.509 certificates
[   19.754123] Loaded X.509 cert 'Build time autogenerated kernel key: b6e24248d7a56b9e9b1332be2b5324f24ca5536a'
[   19.871053] zswap: loaded using pool lzo/zbud
[   19.911443] Key type big_key registered
[   19.967171] Key type trusted registered
[   20.032727] Key type encrypted registered
[   20.085977] AppArmor: AppArmor sha1 policy hashing enabled
[   20.186690] ima: No TPM chip found, activating TPM-bypass! (rc=-19)
[   20.219471] evm: HMAC attrs: 0x1
[   20.247326]   Magic number: 13:722:526
[   20.258337] rtc_cmos rtc_cmos: setting system clock to 2017-12-02 10:32:45 UTC (1512210765)
[   20.359402] BIOS EDD facility v0.16 2004-Jun-25, 0 devices found
[   20.442268] EDD information not available.
[   20.479462] Freeing unused kernel memory: 2236K
[   20.534869] Write protecting the kernel read-only data: 14336k
[   20.620508] Freeing unused kernel memory: 1132K
[   20.660236] Freeing unused kernel memory: 276K
[   20.689075] x86/mm: Checked W+X mappings: passed, no W+X pages found.
Loading, please [   20.756973] random: systemd-udevd: uninitialized urandom read (16 bytes read)
wait...
startin[   20.757428] random: udevadm: uninitialized urandom read (16 bytes read)
g version 232
[   20.757481] random: udevadm: uninitialized urandom read (16 bytes read)
[   20.809322] random: udevadm: uninitialized urandom read (16 bytes read)
[   20.809344] random: udevadm: uninitialized urandom read (16 bytes read)
[   20.809770] random: udevadm: uninitialized urandom read (16 bytes read)
[   20.809803] random: udevadm: uninitialized urandom read (16 bytes read)
[   20.809811] random: udevadm: uninitialized urandom read (16 bytes read)
[   20.809941] random: udevadm: uninitialized urandom read (16 bytes read)
[   20.809973] random: udevadm: uninitialized urandom read (16 bytes read)
[   21.342161] e1000: Intel(R) PRO/1000 Network Driver - version 7.3.21-k8-NAPI
[   21.413370] e1000: Copyright (c) 1999-2006 Intel Corporation.
[   21.474923] Fusion MPT base driver 3.04.20
[   21.504595] Copyright (c) 1999-2008 LSI Corporation
[   21.518999] AVX version of gcm_enc/dec engaged.
[   21.576037] AES CTR mode by8 optimization enabled
[   21.617501] Fusion MPT SPI Host driver 3.04.20
[   21.748298] input: ImExPS/2 Generic Explorer Mouse as /devices/platform/i8042/serio1/input/input4
[   21.989393] e1000 0000:00:03.0 eth0: (PCI:33MHz:32-bit) 02:07:ca:bf:30:46
[   22.078159] e1000 0000:00:03.0 eth0: Intel(R) PRO/1000 Network Connection
[   22.183447] mptbase: ioc0: Initiating bringup
[   22.184131] e1000 0000:00:03.0 enp0s3: renamed from eth0
[   22.329679] ioc0: LSI53C1030 A0: Capabilities={Initiator}
[   22.642955] scsi host2: ioc0: LSI53C1030 A0, FwRev=00000000h, Ports=1, MaxQ=256, IRQ=20
[   23.021854] scsi 2:0:0:0: Direct-Access     VBOX     HARDDISK         1.0  PQ: 0 ANSI: 5
[   23.134174] scsi target2:0:0: Beginning Domain Validation
[   23.215736] scsi target2:0:0: Domain Validation skipping write tests
[   23.342112] scsi target2:0:0: Ending Domain Validation
[   23.436407] scsi target2:0:0: asynchronous
[   23.518082] scsi 2:0:1:0: Direct-Access     VBOX     HARDDISK         1.0  PQ: 0 ANSI: 5
[   23.643460] scsi target2:0:1: Beginning Domain Validation
[   23.770805] scsi target2:0:1: Domain Validation skipping write tests
[   23.957171] scsi target2:0:1: Ending Domain Validation
[   24.021874] scsi target2:0:1: asynchronous
[   24.095101] random: fast init done
[   24.123725] sd 2:0:0:0: Attached scsi generic sg0 type 0
[   24.154582] sd 2:0:0:0: [sda] 20971520 512-byte logical blocks: (10.7 GB/10.0 GiB)
[   24.221430] sd 2:0:1:0: Attached scsi generic sg1 type 0
[   24.247606] sd 2:0:0:0: [sda] Write Protect is off
[   24.247866] sd 2:0:1:0: [sdb] 20480 512-byte logical blocks: (10.5 MB/10.0 MiB)
[   24.247964] sd 2:0:1:0: [sdb] Write Protect is off
[   24.248038] sd 2:0:1:0: [sdb] Incomplete mode parameter data
[   24.248039] sd 2:0:1:0: [sdb] Assuming drive cache: write through
[   24.305658] sd 2:0:1:0: [sdb] Attached SCSI disk
[   24.428937] sd 2:0:0:0: [sda] Incomplete mode parameter data
[   24.472471] sd 2:0:0:0: [sda] Assuming drive cache: write through
[   24.473817] floppy0: no floppy controllers found
[   24.473858] work still pending
[   24.586987]  sda: sda1
[   24.630988] sd 2:0:0:0: [sda] Attached SCSI disk
Begin: Loading essential drivers ... [   26.181614] raid6: sse2x1   gen()  7686 MB/s
[   26.281478] raid6: sse2x1   xor()  7428 MB/s
[   26.385594] raid6: sse2x2   gen() 10647 MB/s
[   26.493726] raid6: sse2x2   xor()  6695 MB/s
[   26.621516] raid6: sse2x4   gen()  8515 MB/s
[   26.745534] raid6: sse2x4   xor()  5435 MB/s
[   26.803265] raid6: using algorithm sse2x2 gen() 10647 MB/s
[   26.907415] raid6: .... xor() 6695 MB/s, rmw enabled
[   26.951466] raid6: using ssse3x2 recovery algorithm
[   26.994327] xor: automatically using best checksumming function   avx       
[   27.055857] async_tx: api initialized (async)
done.
Begin: Running /scripts/init-premount ... done[   27.122180] Btrfs loaded, crc32c=crc32c-intel
.
Begin: Mounting root file system ... Begin: Running /scripts/[   27.191648] EXT4-fs (sda1): mounted filesystem with ordered data mode. Opts: (null)
local-top ... done.
Begin: Running /scripts/local-premount ... Scanning for Btrfs filesystems
done.
Warning: fsck not present, so skipping root file system
done.
Begin: Running /scripts/local-bottom ... done.
Begin: Running /scripts/init-bottom ... /scripts/init-bottom/plymouth: line 18: /bin/plymouth: not found
done.
[   27.445264] ip_tables: (C) 2000-2006 Netfilter Core Team
[   27.574429] systemd[1]: systemd 232 running in system mode. (+PAM +AUDIT +SELINUX +IMA +APPARMOR +SMACK +SYSVINIT +UTMP +LIBCRYPTSETUP +GCRYPT +GNUTLS +ACL +XZ +LZ4 +SECCOMP +BLKID +ELFUTILS +KMOD +IDN)
[   27.892452] systemd[1]: Detected virtualization oracle.
[   28.020905] systemd[1]: Detected architecture x86-64.

Welcome to [1mUbuntu 17.04[0m!

[   28.138250] systemd[1]: Set hostname to <ubuntu>.
[   28.167776] systemd[1]: Initializing machine ID from random generator.
[   28.231039] systemd[1]: Installed transient /etc/machine-id file.
[   28.481523] systemd[1]: Listening on LVM2 metadata daemon socket.
[[0;32m  OK  [0m] Listening on LVM2 metadata daemon socket.
[   28.627542] systemd[1]: Created slice System Slice.
[[0;32m  OK  [0m] Created slice System Slice.
[   28.730288] systemd[1]: Mounting POSIX Message Queue File System...
         Mounting POSIX Message Queue File System...
[   28.841693] systemd[1]: Listening on udev Kernel Socket.
[[0;32m  OK  [0m] Listening on udev Kernel Socket.
         Mounting Debug File System...
[[0;32m  OK  [0m] Listening on /dev/initctl Compatibility Named Pipe.
[[0;32m  OK  [0m] Listening on LVM2 poll daemon socket.
         Mounting Huge Pages File System...
[[0;32m  OK  [0m] Created slice system-serial\x2dgetty.slice.
[[0;32m  OK  [0m] Listening on Journal Socket (/dev/log).
[[0;32m  OK  [0m] Reached target User and Group Name Lookups.
[[0;32m  OK  [0m] Reached target Swap.
[[0;32m  OK  [0m] Listening on Syslog Socket.
[[0;32m  OK  [0m] Created slice User and Session Slice.
[[0;32m  OK  [0m] Reached target Slices.
[[0;32m  OK  [0m] Listening on Journal Socket.
         Starting Set the console keyboard layout...
         Starting Load Ke[   29.313223] Loading iSCSI transport class v2.0-870.
rnel Modules...[   29.395469] iscsi: registered transport (tcp)

         Starting Nameser[   29.514722] iscsi: registered transport (iser)
ver information manager...
         Starting Remount[   29.595774] EXT4-fs (sda1): re-mounted. Opts: (null)
 Root and Kernel File Systems...
         Starting Create list of required st…ce nodes for the current kernel...
[[0;32m  OK  [0m] Listening on Device-mapper event daemon FIFOs.
         Starting Monitoring of LVM2 mirrors…ng dmeventd or progress polling...
[[0;32m  OK  [0m] Set up automount Arbitrary Executab…rmats File System Automount Point.
[   29.933976] random: crng init done
         Starting Uncomplicated firewall...
[[0;32m  OK  [0m] Started Forward Password Requests to Wall Directory Watch.
[[0;32m  OK  [0m] Listening on udev Control Socket.
[[0;32m  OK  [0m] Listening on Journal Audit Socket.
         Starting Journal Service...
[[0;32m  OK  [0m] Mounted Huge Pages File System.
[[0;32m  OK  [0m] Mounted Debug File System.
[[0;32m  OK  [0m] Mounted POSIX Message Queue File System.
[[0;32m  OK  [0m] Started Journal Service.
[[0;32m  OK  [0m] Started Load Kernel Modules.
[[0;32m  OK  [0m] Started Remount Root and Kernel File Systems.
[[0;32m  OK  [0m] Started Create list of required sta…vice nodes for the current kernel.
[[0;32m  OK  [0m] Started Uncomplicated firewall.
[[0;32m  OK  [0m] Started Nameserver information manager.
[[0;32m  OK  [0m] Started LVM2 metadata daemon.
         Starting Create Static Device Nodes in /dev...
         Starting udev Coldplug all Devices...
         Starting Load/Save Random Seed...
         Starting Initial cloud-init job (pre-networking)...
         Starting Apply Kernel Variables...
         Mounting FUSE Control File System...
         Mounting Configuration File System...
         Starting Flush Journal to Persistent Storage...
[[0;32m  OK  [0m] Mounted Configuration File System.
[[0;32m  OK  [0m] Mounted FUSE Control File System.
[[0;32m  OK  [0m] Started Monitoring of LVM2 mirrors,…sing dmeventd or progress polling.
[[0;32m  OK  [0m] Started Create Static Device Nodes in /dev.
[[0;32m  OK  [0m] Started Load/Save Random Seed.
[[0;32m  OK  [0m] Started Apply Kernel Variables.
[[0;32m  OK  [0m] Started udev Coldplug all Devices.
         Starting udev Kernel Device Manager...
[[0;32m  OK  [0m] Started Flush Journal to Persistent Storage.
[[0;32m  OK  [0m] Started udev Kernel Device Manager.
[[0;32m  OK  [0m] Started Set the console keyboard layout.
[[0;32m  OK  [0m] Reached target Local File Systems (Pre).
[[0;32m  OK  [0m] Reached target Local File Systems.
         Starting Create Volatile Files and Directories...
         Starting AppArmor initialization...
         Starting Commit a transient machine-id on disk...
         Starting Set console font and keymap...
         Starting Tell Plymouth To Write Out Runtime Data...
         Starting ebtables ruleset management...
[[0;32m  OK  [0m] Started Dispatch Password Requests to Console Directory Watch.
[[0;32m  OK  [0m] Reached target Encrypted Volumes.
[[0;32m  OK  [0m] Started Create Volatile Files and Directories.
[[0;32m  OK  [0m] Started Commit a transient machine-id on disk.
[[0;32m  OK  [0m] Started Set console font and keymap.
[[0;32m  OK  [0m] Started Tell Plymouth To Write Out Runtime Data.
[[0;32m  OK  [0m] Found device /dev/ttyS0.
[[0;32m  OK  [0m] Reached target System Time Synchronized.
         Starting Update UTMP about System Boot/Shutdown...
[[0;32m  OK  [0m] Started ebtables ruleset management.
[[0;32m  OK  [0m] Started Update UTMP about System Boot/Shutdown.
[   19.047611] cloud-init[470]: Cloud-init v. 0.7.9 running 'init-local' at Sat, 02 Dec 2017 10:32:57 +0000. Up 18.39 seconds.
[[0;32m  OK  [0m] Started Initial cloud-init job (pre-networking).
[[0;32m  OK  [0m] Listening on Load/Save RF Kill Switch Status /dev/rfkill Watch.
[[0;32m  OK  [0m] Reached target Network (Pre).
[[0;32m  OK  [0m] Started AppArmor initialization.
         Starting Raise network interfaces...
[[0;32m  OK  [0m] Started Raise network interfaces.
[[0;32m  OK  [0m] Reached target Network.
         Starting Initial cloud-init job (metadata service crawler)...
[   23.749101] cloud-init[1005]: Cloud-init v. 0.7.9 running 'init' at Sat, 02 Dec 2017 10:33:01 +0000. Up 22.76 seconds.
[[0;32m  OK  [0m] Started Initial cloud-init job (metadata service crawler).
[[0;32m  OK  [0m] Reached target Cloud-config availability.
[[0;32m  OK  [0m] Reached target System Initialization.
[[0;32m  OK  [0m] Listening on D-Bus System Message Bus Socket.
[   23.829422] cloud-init[1005]: ci-info: +++++++++++++++++++++++++++++Net device info++++++++++++++++++++++++++++++
[   23.956613] cloud-init[1005]: ci-info: +---------+------+-----------+---------------+-------+-------------------+
[   24.024253] cloud-init[1005]: ci-info: |  Device |  Up  |  Address  |      Mask     | Scope |     Hw-Address    |
[   24.120320] cloud-init[1005]: ci-info: +---------+------+-----------+---------------+-------+-------------------+
[[0;32m  OK  [0m] Started Message of the Day.
[[0;32m  OK  [0m] Listening on ACPID Listen Socket.
[   24.171568] cloud-init[1005]: ci-info: |   lo:   | True | 127.0.0.1 |   255.0.0.0   |   .   |         .         |
[   24.320604] cloud-init[1005]: ci-info: |   lo:   | True |     .     |       .       |   d   |         .         |
[   24.410021] cloud-init[1005]: ci-info: | enp0s3: | True | 10.0.2.15 | 255.255.255.0 |   .   | 02:07:ca:bf:30:46 |
[   24.504538] cloud-init[1005]: ci-info: | enp0s3: | True |     .     |       .       |   d   | 02:07:ca:bf:30:46 |
[   24.596370] cloud-init[1005]: ci-info: +---------+------+-----------+---------------+-------+-------------------+
[[0;32m  OK  [0m] Started ACPI Events Check.
[[0;32m  OK  [0m] Reached target Paths.
[[0;32m  OK  [0m] Started Timer to automatically refresh installed snaps.
[[0;32m  OK  [0m] Started Daily Cleanup of Temporary Directories.
         [   24.706972] Starting Socket activation for snappy daemon.cloud-init
[1005]: ci-info: +++++++++++++++++++++++++++Route IPv4 info++++++++++++++++++++++++++++
         [   25.006968] Starting LXD - unix socket.cloud-init
[1005]: ci-info: +-------+-------------+----------+---------------+-----------+-------+
[[   25.124319] cloud-init[1005]: ci-info: | Route | Destination | Gateway  |    Genmask    | Interface | Flags |
[   25.124470] cloud-init[1005]: ci-info: +-------+-------------+----------+---------------+-----------+-------+
[0;32m  OK  [0m] Listening on UUID daemon activation socket.
[   25.124659] cloud-init[1005]: ci-info: |   0   |   0.0.0.0   | 10.0.2.2 |    0.0.0.0    |   enp0s3  |   UG  |
[[   25.480274] cloud-init[1005]: ci-info: |   1   |   10.0.2.0  | 0.0.0.0  | 255.255.255.0 |   enp0s3  |   U   |
[   25.480508] cloud-init[1005]: [0;32m  OK  [0mci-info: +-------+-------------+----------+---------------+-----------+-------+] 
Listening on Socket activation for snappy daemon.
[   25.480713] cloud-init[1005]: Generating public/private rsa key pair.
[[   25.756578] cloud-init[1005]: Your identification has been saved in /etc/ssh/ssh_host_rsa_key.
[0;32m  OK  [0m[   25.757050] ] cloud-initListening on LXD - unix socket.[1005]: 
Your public key has been saved in /etc/ssh/ssh_host_rsa_key.pub.
[   25.757247] cloud-init[1005]: The key fingerprint is:
[[   25.984487] cloud-init[1005]: SHA256:nJRsKYxtdYKsavlH9RYKheOjuJVtLG93RdzJuJ5RTig root@ubuntu-zesty
[   25.984664] cloud-init[1005]: The key's randomart image is:
[0;32m  OK  [0m] Reached target Sockets.
[   25.984848] cloud-init[1005]: +---[RSA 2048]----+
[   26.168581] cloud-init[1005]: |     . oo .      |
[   26.207425] cloud-init[1005]: |     +=o.=       |
[   26.260443] cloud-init[1005]: |    .o=o*  . = . |
[   26.296704] cloud-init[1005]: |    ..+=..E = *  |
[   26.320449] cloud-init[1005]: |   + = +So + =   |
[   26.368356] cloud-init[1005]: |  = = = . o + .  |
[   26.396333] cloud-init[1005]: | . + =   . o o   |
[   26.416043] cloud-init[1005]: |  . . + . . o    |
[   26.445312] cloud-init[1005]: |     o . .       |
[   26.476239] cloud-init[1005]: +----[SHA256]-----+
[   26.532353] cloud-init[1005]: Generating public/private dsa key pair.
[   26.580352] cloud-init[1005]: Your identification has been saved in /etc/ssh/ssh_host_dsa_key.
[   26.644799] cloud-init[1005]: Your public key has been saved in /etc/ssh/ssh_host_dsa_key.pub.
[[0;32m  OK  [0m] Reached target Basic System.
         [   26.711163] cloud-init[1005]: The key fingerprint is:
Starting Login Service...
[   26.740337] cloud-init[1005]: SHA256:LCXfSnlecXwKTDkbfsG9BpXd5LRV1vS3Uu3GiBds/2w root@ubuntu-zesty
[[   26.836268] cloud-init[1005]: The key's randomart image is:
[   26.836424] cloud-init[1005]: +---[DSA 1024]----+
[   26.836637] cloud-init[1005]: |            .o.=&|
[   26.836808] cloud-init[1005]: |           o++o=X|
[0;32m  OK  [0m] Started Deferred execution scheduler.
[   26.837011] cloud-init[1005]: |      . .  .++B+B|
         [   27.084359] Starting LSB: Record successful boot for GRUB...cloud-init
[1005]: |       = o  o*o@o|
[   27.168760] cloud-init[1005]: |      . S o oo=.=|
         Starting LXD - container startup/shutdown...
[   27.202435] cloud-init[1005]: |       o + . ..o.|
[[   27.284481] cloud-init[1005]: |        . .     E|
[   27.284671] cloud-init[1005]: |               . |
[0;32m  OK  [0m] Started ACPI event daemon.
[   27.284848] cloud-init[1005]: |                 |
[   27.384551] cloud-init[1005]: +----[SHA256]-----+
[[   27.420931] cloud-init[1005]: Generating public/private ecdsa key pair.
[   27.421121] cloud-init[1005]: Your identification has been saved in /etc/ssh/ssh_host_ecdsa_key.
[0;32m  OK  [0m] Started Regular background program processing daemon.
[   27.421425] cloud-init[1005]: Your public key has been saved in /etc/ssh/ssh_host_ecdsa_key.pub.
[[   27.628621] cloud-init[1005]: The key fingerprint is:
[0;32m  OK  [0m] [   27.628902] cloud-init[1005]: Started D-Bus System Message Bus.
SHA256:ZJLHFM8CmRmZHkeOcc5unnu/BNdbrEKAEAdR8HMjczQ root@ubuntu-zesty
[[0;32m  OK  [0m[   27.725490] ] Started Unattended Upgrades Shutdown.cloud-init
[1005]: The key's randomart image is:
         [   27.792507] Starting Accounts Service...cloud-init
[1005]: +---[ECDSA 256]---+
         [   27.852419] Starting System Logging Service...cloud-init
[1005]: |      X#B.E      |
[   27.884614] cloud-init[1005]: |      B/.= .     |
[   27.884809] cloud-init[1005]: |     .+o/ B      |
         Starting Network Name Resolution...
[   27.885149] cloud-init[1005]: |      .* B o . . |
[[   28.048664] cloud-init[1005]: |        S . o . o|
[   28.048898] cloud-init[1005]: |       o . +   + |
[0;32m  OK  [0m] Started FUSE filesystem for LXC.
[   28.049016] cloud-init[1005]: |        o   o o  |
         [   28.181230] Starting Snappy daemon...cloud-init
[1005]: |         ... .   |
[[0;32m  OK  [0m] Started System Logging Service.
[   28.232378] cloud-init[1005]: |        .. .o.   |
[[0;32m  OK  [0m] Started Snappy daemon.
[   28.325510] cloud-init[1005]: +----[SHA256]-----+
[   28.384802] cloud-init[1005]: Generating public/private ed25519 key pair.
[[   28.440403] cloud-init[1005]: Your identification has been saved in /etc/ssh/ssh_host_ed25519_key.
[   28.440576] cloud-init[1005]: Your public key has been saved in /etc/ssh/ssh_host_ed25519_key.pub.
[0;32m  OK  [0m] Started LXD - container startup/shutdown.
[[0;32m  OK  [0m] Started Network Name Resolution.
[   28.440822] cloud-init[1005]: The key fingerprint is:
[[0;32m  OK  [0m] Started Login Service.
[   28.668913] cloud-init[1005]: SHA256:IUnqNyuB53zNpjf8c5mXld1bx/CTaHqJStiU902VU5w root@ubuntu-zesty
[[0;32m  OK  [0m] Started LSB: Record successful boot for GRUB.
[   28.749051] cloud-init[1005]: The key's randomart image is:
         Starting Authorization Manager...
[   28.797062] [cloud-init[0;32m  OK  [0m[1005]: ] +--[ED25519 256]--+Reached target Network is Online.

[   28.884426]          cloud-initStarting iSCSI initiator daemon (iscsid)...[1005]: 
|      .        .o|
         Starting Pollinate to seed the pseudo random number generator...
[   28.956949] cloud-init[1005]: |     o .       E+|
[[0;32m  OK  [0m] Started Daily apt download activities.
[   29.000664] [cloud-init[0;32m  OK  [0m[1005]: ] |    . o .      o.|Started Daily apt upgrade and clean activities.

[[0;32m  OK  [0m] Reached target Timers.
[   29.123138] cloud-init[1005]: |   o   . ..   . o|
         Starting Apply the settings specified in cloud-config...
[   29.184730] cloud-init[1005]: |  . + o So .  .==|
[[0;32m  OK  [0m] Started Pollinate to seed the pseudo random number generator.
[[0;32m  OK  [0m] Started iSCSI initiator daemon (iscsid).
[[0;32m  OK  [0m] Started Authorization Manager.
[   29.275225] cloud-init[1005]: |   + o =+ . .oo+O|
[[0;32m  OK  [0m] Started Accounts Service.
[   29.450605] cloud-init[1005]: |    + oo+o  ++.+=|
         Starting Login to default iSCSI targets...
[   29.614833] cloud-init[1005]: |     o o= .o+oo. |
         [   29.669928] Starting OpenBSD Secure Shell server...cloud-init
[1005]: |      .. +oo..   |
[[   29.736263] cloud-init[1005]: +----[SHA256]-----+
[0;32m  OK  [0m] Started OpenBSD Secure Shell server.
[[0;32m  OK  [0m] Started Login to default iSCSI targets.
[[0;32m  OK  [0m] Reached target Remote File Systems (Pre).
[[0;32m  OK  [0m] Reached target Remote File Systems.
         Starting LSB: automatic crash report generation...
         Starting LSB: daemon to balance interrupts for SMP systems...
         Starting LSB: VirtualBox Linux Additions...
         Starting Permit User Sessions...
[[0;32m  OK  [0m] Started Permit User Sessions.
         Starting Hold until boot process finishes up...
         Starting Terminate Plymouth Boot Screen...
[[0;32m  OK  [0m] Started Hold until boot process finishes up.
[[0;32m  OK  [0m] Started Terminate Plymouth Boot Screen.
         Starting Set console scheme...
[[0;32m  OK  [0m] Started Serial Getty on ttyS0.
[[0;32m  OK  [0m] Started LSB: automatic crash report generation.
[[0;32m  OK  [0m] Started LSB: daemon to balance interrupts for SMP systems.
[[0;32m  OK  [0m] Started LSB: VirtualBox Linux Additions.
[[0;32m  OK  [0m] Started Set console scheme.
[[0;32m  OK  [0m] Created slice system-getty.slice.
[[0;32m  OK  [0m] Started Getty on tty1.
[[0;32m  OK  [0m] Reached target Login Prompts.
[[0;32m  OK  [0m] Reached target Multi-User System.
[[0;32m  OK  [0m] Reached target Graphical Interface.
         Starting Update UTMP about System Runlevel Changes...
[   30.786006] cloud-init[1416]: Generating locales (this might take a while)...
[[0;32m  OK  [0m] Started Update UTMP about System Runlevel Changes.
[   32.486484] cloud-init[1416]:   en_US.UTF-8... done
[   32.520754] cloud-init[1416]: Generation complete.
         Stopping OpenBSD Secure Shell server...
[[0;32m  OK  [0m] Stopped OpenBSD Secure Shell server.
         Starting OpenBSD Secure Shell server...
[[0;32m  OK  [0m] Started OpenBSD Secure Shell server.
[[0;32m  OK  [0m] Created slice User Slice of ubuntu.
         Starting User Manager for UID 1000...
[[0;32m  OK  [0m] Started Session 1 of user ubuntu.
[[0;32m  OK  [0m] Started User Manager for UID 1000.
[   33.145062] cloud-init[1416]: Cloud-init v. 0.7.9 running 'modules:config' at Sat, 02 Dec 2017 10:33:08 +0000. Up 30.11 seconds.
[[0;32m  OK  [0m] Started Apply the settings specified in cloud-config.
         Starting Execute cloud user/final scripts...
ci-info: no authorized ssh keys fingerprints found for user ubuntu.
<14>Dec  2 10:33:13 ec2: 
<14>Dec  2 10:33:13 ec2: #############################################################
<14>Dec  2 10:33:13 ec2: -----BEGIN SSH HOST KEY FINGERPRINTS-----
<14>Dec  2 10:33:13 ec2: 1024 SHA256:LCXfSnlecXwKTDkbfsG9BpXd5LRV1vS3Uu3GiBds/2w root@ubuntu-zesty (DSA)
<14>Dec  2 10:33:13 ec2: 256 SHA256:ZJLHFM8CmRmZHkeOcc5unnu/BNdbrEKAEAdR8HMjczQ root@ubuntu-zesty (ECDSA)
<14>Dec  2 10:33:13 ec2: 256 SHA256:IUnqNyuB53zNpjf8c5mXld1bx/CTaHqJStiU902VU5w root@ubuntu-zesty (ED25519)
<14>Dec  2 10:33:13 ec2: 2048 SHA256:nJRsKYxtdYKsavlH9RYKheOjuJVtLG93RdzJuJ5RTig root@ubuntu-zesty (RSA)
<14>Dec  2 10:33:13 ec2: -----END SSH HOST KEY FINGERPRINTS-----
<14>Dec  2 10:33:13 ec2: #############################################################
-----BEGIN SSH HOST KEY KEYS-----
ecdsa-sha2-nistp256 AAAAE2VjZHNhLXNoYTItbmlzdHAyNTYAAAAIbmlzdHAyNTYAAABBBBY4Ej6D1eSQPqEaqeAtzGkgQw71f7NsaDDOxnNtUqRuwltY9O17OJrde/C7t1mssIU1aAKuuI/xsV7bT5EI8G0= root@ubuntu-zesty
ssh-ed25519 AAAAC3NzaC1lZDI1NTE5AAAAICsED3GeanpiPzBIXZPD2tgvJyAC8ooQ6N3nu7tizJlv root@ubuntu-zesty
ssh-rsa AAAAB3NzaC1yc2EAAAADAQABAAABAQC/TmVgqOaG/i+9juzM9pSCDll+gY/pQMfK65YcvTeaxzX/90Fs3ktRrEOaJ/D/dSrr6E2hh546d+b8zjRYe3r0J9uHvBP8Bp8fgKs2EDLSLLHyCVBLuWwsd2zGLlB+i3hAHey+w1ZHArRoeLXCwf5yXuATGZTeQqe/SUHQWOGTmPub11kM0ZC/ovg6QBZbdE4K2AoVzMhLv5DttaHzt7SCkSuNiUQCz38sjcPIsXVvJVwA2lU9tojNHyVoSLvyYVOVYzLmKfUtKoIPdiyTGhVwoNzPp29W2P9uJtEdqgixh1fpnkaLK84wXCd8m8k/4DleJdaHE6rNGD+Al5m58cqR root@ubuntu-zesty
-----END SSH HOST KEY KEYS-----
[   35.409983] cloud-init[1742]: Cloud-init v. 0.7.9 running 'modules:final' at Sat, 02 Dec 2017 10:33:12 +0000. Up 34.09 seconds.
[   35.466010] cloud-init[1742]: ci-info: no authorized ssh keys fingerprints found for user ubuntu.
[   35.471460] cloud-init[1742]: Cloud-init v. 0.7.9 finished at Sat, 02 Dec 2017 10:33:14 +0000. Datasource DataSourceNoCloud [seed=/dev/sdb][dsmode=net].  Up 35.38 seconds

Ubuntu 17.04 ubuntu-zesty ttyS0

ubuntu-zesty login: 